2020-04-10 15:10:24 [scrapy] DEBUG: Crawled (200) <GET https://www.gismeteo.ua/robots.txt> (referer: None)
2020-04-10 15:10:24 [scrapy] DEBUG: Crawled (200) <GET https://www.gismeteo.ua/weather-zaporizhia-5093/> (referer: None)
2020-04-10 15:10:24 [scrapy] DEBUG: Scraped from <200 https://www.gismeteo.ua/weather-zaporizhia-5093/>
{'Temperature': [['+3', '+21'], ['+5', '+12'], ['+7', '+4', '+3', '+11', '+19', '+21', '+14', '+9'], []], 'Sky': [['Ясно', 'Ясно', 'Ясно', 'Ясно', 'Ясно', 'Облачно', 'Малооблачно, небольшой дождь', 'Малооблачно, небольшой дождь']], 'Sky_middle': ['Малооблачно, небольшой дождь'], 'Wind': ['1', '2', '2', '2', '6', '5-12', '8-15', '5-15'], 'Rainfall': ['0', '0', '0', '0', '0', '0', '0,1', '0,5'], 'Date': ['Пт,10апр']}
2020-04-10 15:10:24 [scrapy] INFO: Closing spider (finished)
2020-04-10 15:10:24 [scrapy] INFO: Dumping Scrapy stats:
{'downloader/request_bytes': 497,
 'downloader/request_count': 2,
 'downloader/request_method_count/GET': 2,
 'downloader/response_bytes': 73992,
 'downloader/response_count': 2,
 'downloader/response_status_count/200': 2,
 'elapsed_time_seconds': 5.232395,
 'finish_reason': 'finished',
 'finish_time': datetime.datetime(2020, 4, 10, 12, 10, 24, 426985),
 'item_scraped_count': 1,
 'log_count/DEBUG': 3,
 'log_count/INFO': 7,
 'memusage/max': 59441152,
 'memusage/startup': 59441152,
 'response_received_count': 2,
 'robotstxt/request_count': 1,
 'robotstxt/response_count': 1,
 'robotstxt/response_status_count/200': 1,
 'scheduler/dequeued': 1,
 'scheduler/dequeued/memory': 1,
 'scheduler/enqueued': 1,
 'scheduler/enqueued/memory': 1,
 'start_time': datetime.datetime(2020, 4, 10, 12, 10, 19, 194590)}
2020-04-10 15:10:24 [scrapy] INFO: Spider closed (finished)
